INFO - 2024-10-07 06:36:27 --> Session: Class initialized using 'CodeIgniter\Session\Handlers\FileHandler' driver.
INFO - 2024-10-07 06:36:34 --> Session: Class initialized using 'CodeIgniter\Session\Handlers\FileHandler' driver.
ERROR - 2024-10-07 06:36:38 --> Error connecting to the database: mysqli_sql_exception: No connection could be made because the target machine actively refused it in D:\Majid\CI4\social\system\Database\MySQLi\Connection.php:186
Stack trace:
#0 D:\Majid\CI4\social\system\Database\MySQLi\Connection.php(186): mysqli->real_connect('localhost', 'root', Object(SensitiveParameterValue), 'aranea_communit...', 3306, '', 0)
#1 D:\Majid\CI4\social\system\Database\BaseConnection.php(421): CodeIgniter\Database\MySQLi\Connection->connect(false)
#2 D:\Majid\CI4\social\system\Database\BaseConnection.php(616): CodeIgniter\Database\BaseConnection->initialize()
#3 D:\Majid\CI4\social\system\Database\BaseBuilder.php(1644): CodeIgniter\Database\BaseConnection->query('SELECT *\nFROM `...', Array, false)
#4 D:\Majid\CI4\social\system\Model.php(330): CodeIgniter\Database\BaseBuilder->get()
#5 D:\Majid\CI4\social\system\BaseModel.php(714): CodeIgniter\Model->doFirst()
#6 D:\Majid\CI4\social\app\Controllers\AuthController.php(63): CodeIgniter\BaseModel->first()
#7 D:\Majid\CI4\social\system\CodeIgniter.php(933): App\Controllers\AuthController->login_user()
#8 D:\Majid\CI4\social\system\CodeIgniter.php(509): CodeIgniter\CodeIgniter->runController(Object(App\Controllers\AuthController))
#9 D:\Majid\CI4\social\system\CodeIgniter.php(355): CodeIgniter\CodeIgniter->handleRequest(NULL, Object(Config\Cache), false)
#10 D:\Majid\CI4\social\system\Boot.php(325): CodeIgniter\CodeIgniter->run()
#11 D:\Majid\CI4\social\system\Boot.php(67): CodeIgniter\Boot::runCodeIgniter(Object(CodeIgniter\CodeIgniter))
#12 D:\Majid\CI4\social\public\index.php(56): CodeIgniter\Boot::bootWeb(Object(Config\Paths))
#13 D:\Majid\CI4\social\system\rewrite.php(44): require_once('D:\\Majid\\CI4\\so...')
#14 {main}

Next CodeIgniter\Database\Exceptions\DatabaseException: No connection could be made because the target machine actively refused it in D:\Majid\CI4\social\system\Database\MySQLi\Connection.php:231
Stack trace:
#0 D:\Majid\CI4\social\system\Database\BaseConnection.php(421): CodeIgniter\Database\MySQLi\Connection->connect(false)
#1 D:\Majid\CI4\social\system\Database\BaseConnection.php(616): CodeIgniter\Database\BaseConnection->initialize()
#2 D:\Majid\CI4\social\system\Database\BaseBuilder.php(1644): CodeIgniter\Database\BaseConnection->query('SELECT *\nFROM `...', Array, false)
#3 D:\Majid\CI4\social\system\Model.php(330): CodeIgniter\Database\BaseBuilder->get()
#4 D:\Majid\CI4\social\system\BaseModel.php(714): CodeIgniter\Model->doFirst()
#5 D:\Majid\CI4\social\app\Controllers\AuthController.php(63): CodeIgniter\BaseModel->first()
#6 D:\Majid\CI4\social\system\CodeIgniter.php(933): App\Controllers\AuthController->login_user()
#7 D:\Majid\CI4\social\system\CodeIgniter.php(509): CodeIgniter\CodeIgniter->runController(Object(App\Controllers\AuthController))
#8 D:\Majid\CI4\social\system\CodeIgniter.php(355): CodeIgniter\CodeIgniter->handleRequest(NULL, Object(Config\Cache), false)
#9 D:\Majid\CI4\social\system\Boot.php(325): CodeIgniter\CodeIgniter->run()
#10 D:\Majid\CI4\social\system\Boot.php(67): CodeIgniter\Boot::runCodeIgniter(Object(CodeIgniter\CodeIgniter))
#11 D:\Majid\CI4\social\public\index.php(56): CodeIgniter\Boot::bootWeb(Object(Config\Paths))
#12 D:\Majid\CI4\social\system\rewrite.php(44): require_once('D:\\Majid\\CI4\\so...')
#13 {main}
CRITICAL - 2024-10-07 06:36:38 --> CodeIgniter\Database\Exceptions\DatabaseException: Unable to connect to the database.
Main connection [MySQLi]: No connection could be made because the target machine actively refused it
[Method: POST, Route: login_user]
in SYSTEMPATH\Database\BaseConnection.php on line 467.
 1 SYSTEMPATH\Database\BaseConnection.php(616): CodeIgniter\Database\BaseConnection->initialize()
 2 SYSTEMPATH\Database\BaseBuilder.php(1644): CodeIgniter\Database\BaseConnection->query('SELECT *
FROM `users`
WHERE `email` = :email:
OR `username` = :username:
 LIMIT 1', [...], false)
 3 SYSTEMPATH\Model.php(330): CodeIgniter\Database\BaseBuilder->get()
 4 SYSTEMPATH\BaseModel.php(714): CodeIgniter\Model->doFirst()
 5 APPPATH\Controllers\AuthController.php(63): CodeIgniter\BaseModel->first()
 6 SYSTEMPATH\CodeIgniter.php(933): App\Controllers\AuthController->login_user()
 7 SYSTEMPATH\CodeIgniter.php(509): CodeIgniter\CodeIgniter->runController(Object(App\Controllers\AuthController))
 8 SYSTEMPATH\CodeIgniter.php(355): CodeIgniter\CodeIgniter->handleRequest(null, Object(Config\Cache), false)
 9 SYSTEMPATH\Boot.php(325): CodeIgniter\CodeIgniter->run()
10 SYSTEMPATH\Boot.php(67): CodeIgniter\Boot::runCodeIgniter(Object(CodeIgniter\CodeIgniter))
11 FCPATH\index.php(56): CodeIgniter\Boot::bootWeb(Object(Config\Paths))
12 SYSTEMPATH\rewrite.php(44): require_once('D:\\Majid\\CI4\\social\\public\\index.php')
INFO - 2024-10-07 06:37:25 --> Session: Class initialized using 'CodeIgniter\Session\Handlers\FileHandler' driver.
INFO - 2024-10-07 06:37:25 --> Session: Class initialized using 'CodeIgniter\Session\Handlers\FileHandler' driver.
INFO - 2024-10-07 06:37:30 --> Session: Class initialized using 'CodeIgniter\Session\Handlers\FileHandler' driver.
INFO - 2024-10-07 06:37:31 --> Session: Class initialized using 'CodeIgniter\Session\Handlers\FileHandler' driver.
INFO - 2024-10-07 06:37:39 --> Session: Class initialized using 'CodeIgniter\Session\Handlers\FileHandler' driver.
INFO - 2024-10-07 06:37:39 --> Session: Class initialized using 'CodeIgniter\Session\Handlers\FileHandler' driver.
INFO - 2024-10-07 06:38:30 --> Session: Class initialized using 'CodeIgniter\Session\Handlers\FileHandler' driver.
INFO - 2024-10-07 06:38:30 --> Session: Class initialized using 'CodeIgniter\Session\Handlers\FileHandler' driver.
