INFO - 2024-10-14 08:44:47 --> Session: Class initialized using 'CodeIgniter\Session\Handlers\FileHandler' driver.
INFO - 2024-10-14 08:44:56 --> Session: Class initialized using 'CodeIgniter\Session\Handlers\FileHandler' driver.
INFO - 2024-10-14 08:44:57 --> Session: Class initialized using 'CodeIgniter\Session\Handlers\FileHandler' driver.
INFO - 2024-10-14 08:45:14 --> Session: Class initialized using 'CodeIgniter\Session\Handlers\FileHandler' driver.
INFO - 2024-10-14 08:45:23 --> Session: Class initialized using 'CodeIgniter\Session\Handlers\FileHandler' driver.
INFO - 2024-10-14 08:45:38 --> Session: Class initialized using 'CodeIgniter\Session\Handlers\FileHandler' driver.
ERROR - 2024-10-14 08:45:39 --> Validation error.
INFO - 2024-10-14 08:45:39 --> Session: Class initialized using 'CodeIgniter\Session\Handlers\FileHandler' driver.
INFO - 2024-10-14 08:45:57 --> Session: Class initialized using 'CodeIgniter\Session\Handlers\FileHandler' driver.
INFO - 2024-10-14 08:46:07 --> Session: Class initialized using 'CodeIgniter\Session\Handlers\FileHandler' driver.
INFO - 2024-10-14 08:47:16 --> Session: Class initialized using 'CodeIgniter\Session\Handlers\FileHandler' driver.
ERROR - 2024-10-14 08:47:16 --> Validation error.
INFO - 2024-10-14 08:47:16 --> Session: Class initialized using 'CodeIgniter\Session\Handlers\FileHandler' driver.
INFO - 2024-10-14 08:52:08 --> Session: Class initialized using 'CodeIgniter\Session\Handlers\FileHandler' driver.
INFO - 2024-10-14 08:52:17 --> Session: Class initialized using 'CodeIgniter\Session\Handlers\FileHandler' driver.
CRITICAL - 2024-10-14 08:52:17 --> ErrorException: Undefined variable $mediaPath
[Method: POST, Route: post/create_post]
in APPPATH\Controllers\PostController.php on line 58.
 1 APPPATH\Controllers\PostController.php(58): CodeIgniter\Debug\Exceptions->errorHandler(2, 'Undefined variable $mediaPath', 'D:\\Majid\\CI4\\social\\app\\Controllers\\PostController.php', 58)
 2 SYSTEMPATH\CodeIgniter.php(933): App\Controllers\PostController->create_post()
 3 SYSTEMPATH\CodeIgniter.php(509): CodeIgniter\CodeIgniter->runController(Object(App\Controllers\PostController))
 4 SYSTEMPATH\CodeIgniter.php(355): CodeIgniter\CodeIgniter->handleRequest(null, Object(Config\Cache), false)
 5 SYSTEMPATH\Boot.php(325): CodeIgniter\CodeIgniter->run()
 6 SYSTEMPATH\Boot.php(67): CodeIgniter\Boot::runCodeIgniter(Object(CodeIgniter\CodeIgniter))
 7 FCPATH\index.php(56): CodeIgniter\Boot::bootWeb(Object(Config\Paths))
 8 SYSTEMPATH\rewrite.php(44): require_once('D:\\Majid\\CI4\\social\\public\\index.php')
INFO - 2024-10-14 08:52:25 --> Session: Class initialized using 'CodeIgniter\Session\Handlers\FileHandler' driver.
CRITICAL - 2024-10-14 08:52:25 --> ErrorException: Undefined variable $postModel
[Method: POST, Route: post/create_post]
in APPPATH\Controllers\PostController.php on line 62.
 1 APPPATH\Controllers\PostController.php(62): CodeIgniter\Debug\Exceptions->errorHandler(2, 'Undefined variable $postModel', 'D:\\Majid\\CI4\\social\\app\\Controllers\\PostController.php', 62)
 2 SYSTEMPATH\CodeIgniter.php(933): App\Controllers\PostController->create_post()
 3 SYSTEMPATH\CodeIgniter.php(509): CodeIgniter\CodeIgniter->runController(Object(App\Controllers\PostController))
 4 SYSTEMPATH\CodeIgniter.php(355): CodeIgniter\CodeIgniter->handleRequest(null, Object(Config\Cache), false)
 5 SYSTEMPATH\Boot.php(325): CodeIgniter\CodeIgniter->run()
 6 SYSTEMPATH\Boot.php(67): CodeIgniter\Boot::runCodeIgniter(Object(CodeIgniter\CodeIgniter))
 7 FCPATH\index.php(56): CodeIgniter\Boot::bootWeb(Object(Config\Paths))
 8 SYSTEMPATH\rewrite.php(44): require_once('D:\\Majid\\CI4\\social\\public\\index.php')
INFO - 2024-10-14 08:52:58 --> Session: Class initialized using 'CodeIgniter\Session\Handlers\FileHandler' driver.
INFO - 2024-10-14 08:52:58 --> Session: Class initialized using 'CodeIgniter\Session\Handlers\FileHandler' driver.
INFO - 2024-10-14 08:53:07 --> Session: Class initialized using 'CodeIgniter\Session\Handlers\FileHandler' driver.
INFO - 2024-10-14 08:54:44 --> Session: Class initialized using 'CodeIgniter\Session\Handlers\FileHandler' driver.
CRITICAL - 2024-10-14 08:54:45 --> ErrorException: Undefined variable $data
[Method: GET, Route: profile]
in APPPATH\Views\account\profile.php on line 720.
 1 APPPATH\Views\account\profile.php(720): CodeIgniter\Debug\Exceptions->errorHandler(2, 'Undefined variable $data', 'D:\\Majid\\CI4\\social\\app\\Views\\account\\profile.php', 720)
 2 SYSTEMPATH\View\View.php(234): include('D:\\Majid\\CI4\\social\\app\\Views\\account\\profile.php')
 3 SYSTEMPATH\View\View.php(237): CodeIgniter\View\View->CodeIgniter\View\{closure}()
 4 SYSTEMPATH\Common.php(1169): CodeIgniter\View\View->render('account/profile', [], true)
 5 APPPATH\Controllers\AccountController.php(37): view('account/profile', [...])
 6 SYSTEMPATH\CodeIgniter.php(933): App\Controllers\AccountController->Profile()
 7 SYSTEMPATH\CodeIgniter.php(509): CodeIgniter\CodeIgniter->runController(Object(App\Controllers\AccountController))
 8 SYSTEMPATH\CodeIgniter.php(355): CodeIgniter\CodeIgniter->handleRequest(null, Object(Config\Cache), false)
 9 SYSTEMPATH\Boot.php(325): CodeIgniter\CodeIgniter->run()
10 SYSTEMPATH\Boot.php(67): CodeIgniter\Boot::runCodeIgniter(Object(CodeIgniter\CodeIgniter))
11 FCPATH\index.php(56): CodeIgniter\Boot::bootWeb(Object(Config\Paths))
12 SYSTEMPATH\rewrite.php(44): require_once('D:\\Majid\\CI4\\social\\public\\index.php')
INFO - 2024-10-14 08:55:01 --> Session: Class initialized using 'CodeIgniter\Session\Handlers\FileHandler' driver.
INFO - 2024-10-14 08:56:35 --> Session: Class initialized using 'CodeIgniter\Session\Handlers\FileHandler' driver.
INFO - 2024-10-14 08:56:47 --> Session: Class initialized using 'CodeIgniter\Session\Handlers\FileHandler' driver.
INFO - 2024-10-14 08:59:48 --> Session: Class initialized using 'CodeIgniter\Session\Handlers\FileHandler' driver.
INFO - 2024-10-14 09:00:44 --> Session: Class initialized using 'CodeIgniter\Session\Handlers\FileHandler' driver.
INFO - 2024-10-14 09:01:39 --> Session: Class initialized using 'CodeIgniter\Session\Handlers\FileHandler' driver.
INFO - 2024-10-14 09:02:57 --> Session: Class initialized using 'CodeIgniter\Session\Handlers\FileHandler' driver.
INFO - 2024-10-14 09:03:07 --> Session: Class initialized using 'CodeIgniter\Session\Handlers\FileHandler' driver.
INFO - 2024-10-14 09:04:24 --> Session: Class initialized using 'CodeIgniter\Session\Handlers\FileHandler' driver.
INFO - 2024-10-14 09:05:06 --> Session: Class initialized using 'CodeIgniter\Session\Handlers\FileHandler' driver.
INFO - 2024-10-14 09:07:47 --> Session: Class initialized using 'CodeIgniter\Session\Handlers\FileHandler' driver.
INFO - 2024-10-14 09:09:04 --> Session: Class initialized using 'CodeIgniter\Session\Handlers\FileHandler' driver.
INFO - 2024-10-14 09:12:36 --> Session: Class initialized using 'CodeIgniter\Session\Handlers\FileHandler' driver.
INFO - 2024-10-14 09:12:45 --> Session: Class initialized using 'CodeIgniter\Session\Handlers\FileHandler' driver.
INFO - 2024-10-14 09:13:14 --> Session: Class initialized using 'CodeIgniter\Session\Handlers\FileHandler' driver.
INFO - 2024-10-14 09:13:15 --> Session: Class initialized using 'CodeIgniter\Session\Handlers\FileHandler' driver.
INFO - 2024-10-14 09:13:48 --> Session: Class initialized using 'CodeIgniter\Session\Handlers\FileHandler' driver.
INFO - 2024-10-14 09:13:49 --> Session: Class initialized using 'CodeIgniter\Session\Handlers\FileHandler' driver.
INFO - 2024-10-14 09:13:49 --> Session: Class initialized using 'CodeIgniter\Session\Handlers\FileHandler' driver.
INFO - 2024-10-14 09:13:55 --> Session: Class initialized using 'CodeIgniter\Session\Handlers\FileHandler' driver.
INFO - 2024-10-14 09:13:56 --> Session: Class initialized using 'CodeIgniter\Session\Handlers\FileHandler' driver.
INFO - 2024-10-14 09:13:56 --> Session: Class initialized using 'CodeIgniter\Session\Handlers\FileHandler' driver.
INFO - 2024-10-14 09:14:14 --> Session: Class initialized using 'CodeIgniter\Session\Handlers\FileHandler' driver.
INFO - 2024-10-14 09:14:15 --> Session: Class initialized using 'CodeIgniter\Session\Handlers\FileHandler' driver.
INFO - 2024-10-14 09:14:15 --> Session: Class initialized using 'CodeIgniter\Session\Handlers\FileHandler' driver.
INFO - 2024-10-14 09:14:17 --> Session: Class initialized using 'CodeIgniter\Session\Handlers\FileHandler' driver.
INFO - 2024-10-14 09:14:25 --> Session: Class initialized using 'CodeIgniter\Session\Handlers\FileHandler' driver.
INFO - 2024-10-14 09:14:46 --> Session: Class initialized using 'CodeIgniter\Session\Handlers\FileHandler' driver.
INFO - 2024-10-14 09:14:51 --> Session: Class initialized using 'CodeIgniter\Session\Handlers\FileHandler' driver.
INFO - 2024-10-14 09:15:09 --> Session: Class initialized using 'CodeIgniter\Session\Handlers\FileHandler' driver.
INFO - 2024-10-14 09:17:07 --> Session: Class initialized using 'CodeIgniter\Session\Handlers\FileHandler' driver.
ERROR - 2024-10-14 09:17:08 --> mysqli_sql_exception: You have an error in your SQL syntax; check the manual that corresponds to your MariaDB server version for the right syntax to use near '.*, `users`.`username`
FROM `post`
JOIN `users` ON `users`.`id` = `post`.`use...' at line 1 in D:\Majid\CI4\social\system\Database\MySQLi\Connection.php:312
Stack trace:
#0 D:\Majid\CI4\social\system\Database\MySQLi\Connection.php(312): mysqli->query('SELECT `DISTINC...', 0)
#1 D:\Majid\CI4\social\system\Database\BaseConnection.php(734): CodeIgniter\Database\MySQLi\Connection->execute('SELECT `DISTINC...')
#2 D:\Majid\CI4\social\system\Database\BaseConnection.php(648): CodeIgniter\Database\BaseConnection->simpleQuery('SELECT `DISTINC...')
#3 D:\Majid\CI4\social\system\Database\BaseBuilder.php(1644): CodeIgniter\Database\BaseConnection->query('SELECT `DISTINC...', Array, false)
#4 D:\Majid\CI4\social\app\Controllers\UserController.php(67): CodeIgniter\Database\BaseBuilder->get()
#5 D:\Majid\CI4\social\system\CodeIgniter.php(933): App\Controllers\UserController->user_dashboard()
#6 D:\Majid\CI4\social\system\CodeIgniter.php(509): CodeIgniter\CodeIgniter->runController(Object(App\Controllers\UserController))
#7 D:\Majid\CI4\social\system\CodeIgniter.php(355): CodeIgniter\CodeIgniter->handleRequest(NULL, Object(Config\Cache), false)
#8 D:\Majid\CI4\social\system\Boot.php(325): CodeIgniter\CodeIgniter->run()
#9 D:\Majid\CI4\social\system\Boot.php(67): CodeIgniter\Boot::runCodeIgniter(Object(CodeIgniter\CodeIgniter))
#10 D:\Majid\CI4\social\public\index.php(56): CodeIgniter\Boot::bootWeb(Object(Config\Paths))
#11 D:\Majid\CI4\social\system\rewrite.php(44): require_once('D:\\Majid\\CI4\\so...')
#12 {main}
CRITICAL - 2024-10-14 09:17:08 --> CodeIgniter\Database\Exceptions\DatabaseException: You have an error in your SQL syntax; check the manual that corresponds to your MariaDB server version for the right syntax to use near '.*, `users`.`username`
FROM `post`
JOIN `users` ON `users`.`id` = `post`.`use...' at line 1
[Method: GET, Route: user_dashboard]
in SYSTEMPATH\Database\BaseConnection.php on line 688.
 1 SYSTEMPATH\Database\BaseBuilder.php(1644): CodeIgniter\Database\BaseConnection->query('SELECT `DISTINCT` `post`.*, `users`.`username`
FROM `post`
JOIN `users` ON `users`.`id` = `post`.`user_id`
LEFT JOIN `followers` ON `followers`.`followedId` = `post`.`user_id`
WHERE   (
`followers`.`followerId` = :followers.followerId:
OR `post`.`user_id` = :post.user_id:
 )
ORDER BY `post`.`created_at` DESC', [...], false)
 2 APPPATH\Controllers\UserController.php(67): CodeIgniter\Database\BaseBuilder->get()
 3 SYSTEMPATH\CodeIgniter.php(933): App\Controllers\UserController->user_dashboard()
 4 SYSTEMPATH\CodeIgniter.php(509): CodeIgniter\CodeIgniter->runController(Object(App\Controllers\UserController))
 5 SYSTEMPATH\CodeIgniter.php(355): CodeIgniter\CodeIgniter->handleRequest(null, Object(Config\Cache), false)
 6 SYSTEMPATH\Boot.php(325): CodeIgniter\CodeIgniter->run()
 7 SYSTEMPATH\Boot.php(67): CodeIgniter\Boot::runCodeIgniter(Object(CodeIgniter\CodeIgniter))
 8 FCPATH\index.php(56): CodeIgniter\Boot::bootWeb(Object(Config\Paths))
 9 SYSTEMPATH\rewrite.php(44): require_once('D:\\Majid\\CI4\\social\\public\\index.php')
CRITICAL - 2024-10-14 09:17:08 --> [Caused by] CodeIgniter\Database\Exceptions\DatabaseException: You have an error in your SQL syntax; check the manual that corresponds to your MariaDB server version for the right syntax to use near '.*, `users`.`username`
FROM `post`
JOIN `users` ON `users`.`id` = `post`.`use...' at line 1
in SYSTEMPATH\Database\MySQLi\Connection.php on line 317.
 1 SYSTEMPATH\Database\BaseConnection.php(734): CodeIgniter\Database\MySQLi\Connection->execute('SELECT `DISTINCT` `post`.*, `users`.`username`
FROM `post`
JOIN `users` ON `users`.`id` = `post`.`user_id`
LEFT JOIN `followers` ON `followers`.`followedId` = `post`.`user_id`
WHERE   (
`followers`.`followerId` = \'4\'
OR `post`.`user_id` = \'4\'
 )
ORDER BY `post`.`created_at` DESC')
 2 SYSTEMPATH\Database\BaseConnection.php(648): CodeIgniter\Database\BaseConnection->simpleQuery('SELECT `DISTINCT` `post`.*, `users`.`username`
FROM `post`
JOIN `users` ON `users`.`id` = `post`.`user_id`
LEFT JOIN `followers` ON `followers`.`followedId` = `post`.`user_id`
WHERE   (
`followers`.`followerId` = \'4\'
OR `post`.`user_id` = \'4\'
 )
ORDER BY `post`.`created_at` DESC')
 3 SYSTEMPATH\Database\BaseBuilder.php(1644): CodeIgniter\Database\BaseConnection->query('SELECT `DISTINCT` `post`.*, `users`.`username`
FROM `post`
JOIN `users` ON `users`.`id` = `post`.`user_id`
LEFT JOIN `followers` ON `followers`.`followedId` = `post`.`user_id`
WHERE   (
`followers`.`followerId` = :followers.followerId:
OR `post`.`user_id` = :post.user_id:
 )
ORDER BY `post`.`created_at` DESC', [...], false)
 4 APPPATH\Controllers\UserController.php(67): CodeIgniter\Database\BaseBuilder->get()
 5 SYSTEMPATH\CodeIgniter.php(933): App\Controllers\UserController->user_dashboard()
 6 SYSTEMPATH\CodeIgniter.php(509): CodeIgniter\CodeIgniter->runController(Object(App\Controllers\UserController))
 7 SYSTEMPATH\CodeIgniter.php(355): CodeIgniter\CodeIgniter->handleRequest(null, Object(Config\Cache), false)
 8 SYSTEMPATH\Boot.php(325): CodeIgniter\CodeIgniter->run()
 9 SYSTEMPATH\Boot.php(67): CodeIgniter\Boot::runCodeIgniter(Object(CodeIgniter\CodeIgniter))
10 FCPATH\index.php(56): CodeIgniter\Boot::bootWeb(Object(Config\Paths))
11 SYSTEMPATH\rewrite.php(44): require_once('D:\\Majid\\CI4\\social\\public\\index.php')
CRITICAL - 2024-10-14 09:17:08 --> [Caused by] mysqli_sql_exception: You have an error in your SQL syntax; check the manual that corresponds to your MariaDB server version for the right syntax to use near '.*, `users`.`username`
FROM `post`
JOIN `users` ON `users`.`id` = `post`.`use...' at line 1
in SYSTEMPATH\Database\MySQLi\Connection.php on line 312.
 1 SYSTEMPATH\Database\MySQLi\Connection.php(312): mysqli->query('SELECT `DISTINCT` `post`.*, `users`.`username`
FROM `post`
JOIN `users` ON `users`.`id` = `post`.`user_id`
LEFT JOIN `followers` ON `followers`.`followedId` = `post`.`user_id`
WHERE   (
`followers`.`followerId` = \'4\'
OR `post`.`user_id` = \'4\'
 )
ORDER BY `post`.`created_at` DESC', 0)
 2 SYSTEMPATH\Database\BaseConnection.php(734): CodeIgniter\Database\MySQLi\Connection->execute('SELECT `DISTINCT` `post`.*, `users`.`username`
FROM `post`
JOIN `users` ON `users`.`id` = `post`.`user_id`
LEFT JOIN `followers` ON `followers`.`followedId` = `post`.`user_id`
WHERE   (
`followers`.`followerId` = \'4\'
OR `post`.`user_id` = \'4\'
 )
ORDER BY `post`.`created_at` DESC')
 3 SYSTEMPATH\Database\BaseConnection.php(648): CodeIgniter\Database\BaseConnection->simpleQuery('SELECT `DISTINCT` `post`.*, `users`.`username`
FROM `post`
JOIN `users` ON `users`.`id` = `post`.`user_id`
LEFT JOIN `followers` ON `followers`.`followedId` = `post`.`user_id`
WHERE   (
`followers`.`followerId` = \'4\'
OR `post`.`user_id` = \'4\'
 )
ORDER BY `post`.`created_at` DESC')
 4 SYSTEMPATH\Database\BaseBuilder.php(1644): CodeIgniter\Database\BaseConnection->query('SELECT `DISTINCT` `post`.*, `users`.`username`
FROM `post`
JOIN `users` ON `users`.`id` = `post`.`user_id`
LEFT JOIN `followers` ON `followers`.`followedId` = `post`.`user_id`
WHERE   (
`followers`.`followerId` = :followers.followerId:
OR `post`.`user_id` = :post.user_id:
 )
ORDER BY `post`.`created_at` DESC', [...], false)
 5 APPPATH\Controllers\UserController.php(67): CodeIgniter\Database\BaseBuilder->get()
 6 SYSTEMPATH\CodeIgniter.php(933): App\Controllers\UserController->user_dashboard()
 7 SYSTEMPATH\CodeIgniter.php(509): CodeIgniter\CodeIgniter->runController(Object(App\Controllers\UserController))
 8 SYSTEMPATH\CodeIgniter.php(355): CodeIgniter\CodeIgniter->handleRequest(null, Object(Config\Cache), false)
 9 SYSTEMPATH\Boot.php(325): CodeIgniter\CodeIgniter->run()
10 SYSTEMPATH\Boot.php(67): CodeIgniter\Boot::runCodeIgniter(Object(CodeIgniter\CodeIgniter))
11 FCPATH\index.php(56): CodeIgniter\Boot::bootWeb(Object(Config\Paths))
12 SYSTEMPATH\rewrite.php(44): require_once('D:\\Majid\\CI4\\social\\public\\index.php')
INFO - 2024-10-14 09:22:19 --> Session: Class initialized using 'CodeIgniter\Session\Handlers\FileHandler' driver.
ERROR - 2024-10-14 09:22:19 --> mysqli_sql_exception: You have an error in your SQL syntax; check the manual that corresponds to your MariaDB server version for the right syntax to use near '.*, `users`.`username`
FROM `post`
JOIN `users` ON `users`.`id` = `post`.`use...' at line 1 in D:\Majid\CI4\social\system\Database\MySQLi\Connection.php:312
Stack trace:
#0 D:\Majid\CI4\social\system\Database\MySQLi\Connection.php(312): mysqli->query('SELECT `DISTINC...', 0)
#1 D:\Majid\CI4\social\system\Database\BaseConnection.php(734): CodeIgniter\Database\MySQLi\Connection->execute('SELECT `DISTINC...')
#2 D:\Majid\CI4\social\system\Database\BaseConnection.php(648): CodeIgniter\Database\BaseConnection->simpleQuery('SELECT `DISTINC...')
#3 D:\Majid\CI4\social\system\Database\BaseBuilder.php(1644): CodeIgniter\Database\BaseConnection->query('SELECT `DISTINC...', Array, false)
#4 D:\Majid\CI4\social\app\Controllers\UserController.php(67): CodeIgniter\Database\BaseBuilder->get()
#5 D:\Majid\CI4\social\system\CodeIgniter.php(933): App\Controllers\UserController->user_dashboard()
#6 D:\Majid\CI4\social\system\CodeIgniter.php(509): CodeIgniter\CodeIgniter->runController(Object(App\Controllers\UserController))
#7 D:\Majid\CI4\social\system\CodeIgniter.php(355): CodeIgniter\CodeIgniter->handleRequest(NULL, Object(Config\Cache), false)
#8 D:\Majid\CI4\social\system\Boot.php(325): CodeIgniter\CodeIgniter->run()
#9 D:\Majid\CI4\social\system\Boot.php(67): CodeIgniter\Boot::runCodeIgniter(Object(CodeIgniter\CodeIgniter))
#10 D:\Majid\CI4\social\public\index.php(56): CodeIgniter\Boot::bootWeb(Object(Config\Paths))
#11 D:\Majid\CI4\social\system\rewrite.php(44): require_once('D:\\Majid\\CI4\\so...')
#12 {main}
CRITICAL - 2024-10-14 09:22:19 --> CodeIgniter\Database\Exceptions\DatabaseException: You have an error in your SQL syntax; check the manual that corresponds to your MariaDB server version for the right syntax to use near '.*, `users`.`username`
FROM `post`
JOIN `users` ON `users`.`id` = `post`.`use...' at line 1
[Method: GET, Route: user_dashboard]
in SYSTEMPATH\Database\BaseConnection.php on line 688.
 1 SYSTEMPATH\Database\BaseBuilder.php(1644): CodeIgniter\Database\BaseConnection->query('SELECT `DISTINCT` `post`.*, `users`.`username`
FROM `post`
JOIN `users` ON `users`.`id` = `post`.`user_id`
LEFT JOIN `followers` ON `followers`.`followedId` = `post`.`user_id`
WHERE   (
`followers`.`followerId` = :followers.followerId:
OR `post`.`user_id` = :post.user_id:
 )
ORDER BY `post`.`created_at` DESC', [...], false)
 2 APPPATH\Controllers\UserController.php(67): CodeIgniter\Database\BaseBuilder->get()
 3 SYSTEMPATH\CodeIgniter.php(933): App\Controllers\UserController->user_dashboard()
 4 SYSTEMPATH\CodeIgniter.php(509): CodeIgniter\CodeIgniter->runController(Object(App\Controllers\UserController))
 5 SYSTEMPATH\CodeIgniter.php(355): CodeIgniter\CodeIgniter->handleRequest(null, Object(Config\Cache), false)
 6 SYSTEMPATH\Boot.php(325): CodeIgniter\CodeIgniter->run()
 7 SYSTEMPATH\Boot.php(67): CodeIgniter\Boot::runCodeIgniter(Object(CodeIgniter\CodeIgniter))
 8 FCPATH\index.php(56): CodeIgniter\Boot::bootWeb(Object(Config\Paths))
 9 SYSTEMPATH\rewrite.php(44): require_once('D:\\Majid\\CI4\\social\\public\\index.php')
CRITICAL - 2024-10-14 09:22:19 --> [Caused by] CodeIgniter\Database\Exceptions\DatabaseException: You have an error in your SQL syntax; check the manual that corresponds to your MariaDB server version for the right syntax to use near '.*, `users`.`username`
FROM `post`
JOIN `users` ON `users`.`id` = `post`.`use...' at line 1
in SYSTEMPATH\Database\MySQLi\Connection.php on line 317.
 1 SYSTEMPATH\Database\BaseConnection.php(734): CodeIgniter\Database\MySQLi\Connection->execute('SELECT `DISTINCT` `post`.*, `users`.`username`
FROM `post`
JOIN `users` ON `users`.`id` = `post`.`user_id`
LEFT JOIN `followers` ON `followers`.`followedId` = `post`.`user_id`
WHERE   (
`followers`.`followerId` = \'4\'
OR `post`.`user_id` = \'4\'
 )
ORDER BY `post`.`created_at` DESC')
 2 SYSTEMPATH\Database\BaseConnection.php(648): CodeIgniter\Database\BaseConnection->simpleQuery('SELECT `DISTINCT` `post`.*, `users`.`username`
FROM `post`
JOIN `users` ON `users`.`id` = `post`.`user_id`
LEFT JOIN `followers` ON `followers`.`followedId` = `post`.`user_id`
WHERE   (
`followers`.`followerId` = \'4\'
OR `post`.`user_id` = \'4\'
 )
ORDER BY `post`.`created_at` DESC')
 3 SYSTEMPATH\Database\BaseBuilder.php(1644): CodeIgniter\Database\BaseConnection->query('SELECT `DISTINCT` `post`.*, `users`.`username`
FROM `post`
JOIN `users` ON `users`.`id` = `post`.`user_id`
LEFT JOIN `followers` ON `followers`.`followedId` = `post`.`user_id`
WHERE   (
`followers`.`followerId` = :followers.followerId:
OR `post`.`user_id` = :post.user_id:
 )
ORDER BY `post`.`created_at` DESC', [...], false)
 4 APPPATH\Controllers\UserController.php(67): CodeIgniter\Database\BaseBuilder->get()
 5 SYSTEMPATH\CodeIgniter.php(933): App\Controllers\UserController->user_dashboard()
 6 SYSTEMPATH\CodeIgniter.php(509): CodeIgniter\CodeIgniter->runController(Object(App\Controllers\UserController))
 7 SYSTEMPATH\CodeIgniter.php(355): CodeIgniter\CodeIgniter->handleRequest(null, Object(Config\Cache), false)
 8 SYSTEMPATH\Boot.php(325): CodeIgniter\CodeIgniter->run()
 9 SYSTEMPATH\Boot.php(67): CodeIgniter\Boot::runCodeIgniter(Object(CodeIgniter\CodeIgniter))
10 FCPATH\index.php(56): CodeIgniter\Boot::bootWeb(Object(Config\Paths))
11 SYSTEMPATH\rewrite.php(44): require_once('D:\\Majid\\CI4\\social\\public\\index.php')
CRITICAL - 2024-10-14 09:22:19 --> [Caused by] mysqli_sql_exception: You have an error in your SQL syntax; check the manual that corresponds to your MariaDB server version for the right syntax to use near '.*, `users`.`username`
FROM `post`
JOIN `users` ON `users`.`id` = `post`.`use...' at line 1
in SYSTEMPATH\Database\MySQLi\Connection.php on line 312.
 1 SYSTEMPATH\Database\MySQLi\Connection.php(312): mysqli->query('SELECT `DISTINCT` `post`.*, `users`.`username`
FROM `post`
JOIN `users` ON `users`.`id` = `post`.`user_id`
LEFT JOIN `followers` ON `followers`.`followedId` = `post`.`user_id`
WHERE   (
`followers`.`followerId` = \'4\'
OR `post`.`user_id` = \'4\'
 )
ORDER BY `post`.`created_at` DESC', 0)
 2 SYSTEMPATH\Database\BaseConnection.php(734): CodeIgniter\Database\MySQLi\Connection->execute('SELECT `DISTINCT` `post`.*, `users`.`username`
FROM `post`
JOIN `users` ON `users`.`id` = `post`.`user_id`
LEFT JOIN `followers` ON `followers`.`followedId` = `post`.`user_id`
WHERE   (
`followers`.`followerId` = \'4\'
OR `post`.`user_id` = \'4\'
 )
ORDER BY `post`.`created_at` DESC')
 3 SYSTEMPATH\Database\BaseConnection.php(648): CodeIgniter\Database\BaseConnection->simpleQuery('SELECT `DISTINCT` `post`.*, `users`.`username`
FROM `post`
JOIN `users` ON `users`.`id` = `post`.`user_id`
LEFT JOIN `followers` ON `followers`.`followedId` = `post`.`user_id`
WHERE   (
`followers`.`followerId` = \'4\'
OR `post`.`user_id` = \'4\'
 )
ORDER BY `post`.`created_at` DESC')
 4 SYSTEMPATH\Database\BaseBuilder.php(1644): CodeIgniter\Database\BaseConnection->query('SELECT `DISTINCT` `post`.*, `users`.`username`
FROM `post`
JOIN `users` ON `users`.`id` = `post`.`user_id`
LEFT JOIN `followers` ON `followers`.`followedId` = `post`.`user_id`
WHERE   (
`followers`.`followerId` = :followers.followerId:
OR `post`.`user_id` = :post.user_id:
 )
ORDER BY `post`.`created_at` DESC', [...], false)
 5 APPPATH\Controllers\UserController.php(67): CodeIgniter\Database\BaseBuilder->get()
 6 SYSTEMPATH\CodeIgniter.php(933): App\Controllers\UserController->user_dashboard()
 7 SYSTEMPATH\CodeIgniter.php(509): CodeIgniter\CodeIgniter->runController(Object(App\Controllers\UserController))
 8 SYSTEMPATH\CodeIgniter.php(355): CodeIgniter\CodeIgniter->handleRequest(null, Object(Config\Cache), false)
 9 SYSTEMPATH\Boot.php(325): CodeIgniter\CodeIgniter->run()
10 SYSTEMPATH\Boot.php(67): CodeIgniter\Boot::runCodeIgniter(Object(CodeIgniter\CodeIgniter))
11 FCPATH\index.php(56): CodeIgniter\Boot::bootWeb(Object(Config\Paths))
12 SYSTEMPATH\rewrite.php(44): require_once('D:\\Majid\\CI4\\social\\public\\index.php')
INFO - 2024-10-14 09:22:24 --> Session: Class initialized using 'CodeIgniter\Session\Handlers\FileHandler' driver.
INFO - 2024-10-14 09:22:37 --> Session: Class initialized using 'CodeIgniter\Session\Handlers\FileHandler' driver.
INFO - 2024-10-14 09:25:27 --> Session: Class initialized using 'CodeIgniter\Session\Handlers\FileHandler' driver.
INFO - 2024-10-14 09:25:34 --> Session: Class initialized using 'CodeIgniter\Session\Handlers\FileHandler' driver.
