INFO - 2024-09-29 16:11:16 --> Session: Class initialized using 'CodeIgniter\Session\Handlers\FileHandler' driver.
CRITICAL - 2024-09-29 16:11:16 --> CodeIgniter\Database\Exceptions\DataException: There is no data to update.
[Method: POST, Route: update_profile_pic]
in SYSTEMPATH\BaseModel.php on line 1011.
 1 SYSTEMPATH\BaseModel.php(1011): CodeIgniter\Database\Exceptions\DataException::forEmptyDataset('update')
 2 SYSTEMPATH\Model.php(865): CodeIgniter\BaseModel->update(null, [])
 3 APPPATH\Controllers\AccountController.php(183): CodeIgniter\Model->update()
 4 SYSTEMPATH\CodeIgniter.php(933): App\Controllers\AccountController->update_profile_pic()
 5 SYSTEMPATH\CodeIgniter.php(509): CodeIgniter\CodeIgniter->runController(Object(App\Controllers\AccountController))
 6 SYSTEMPATH\CodeIgniter.php(355): CodeIgniter\CodeIgniter->handleRequest(null, Object(Config\Cache), false)
 7 SYSTEMPATH\Boot.php(325): CodeIgniter\CodeIgniter->run()
 8 SYSTEMPATH\Boot.php(67): CodeIgniter\Boot::runCodeIgniter(Object(CodeIgniter\CodeIgniter))
 9 FCPATH\index.php(56): CodeIgniter\Boot::bootWeb(Object(Config\Paths))
10 SYSTEMPATH\rewrite.php(44): require_once('D:\\Majid01\\CI4\\amal-social\\public\\index.php')
INFO - 2024-09-29 16:13:07 --> Session: Class initialized using 'CodeIgniter\Session\Handlers\FileHandler' driver.
INFO - 2024-09-29 16:17:26 --> Session: Class initialized using 'CodeIgniter\Session\Handlers\FileHandler' driver.
ERROR - 2024-09-29 16:17:26 --> User information updated successfully.
INFO - 2024-09-29 16:17:26 --> Session: Class initialized using 'CodeIgniter\Session\Handlers\FileHandler' driver.
INFO - 2024-09-29 16:21:48 --> Session: Class initialized using 'CodeIgniter\Session\Handlers\FileHandler' driver.
CRITICAL - 2024-09-29 16:21:48 --> ErrorException: Undefined variable $post
[Method: GET, Route: profile]
in APPPATH\Views\account\profile.php on line 59.
 1 APPPATH\Views\account\profile.php(59): CodeIgniter\Debug\Exceptions->errorHandler(2, 'Undefined variable $post', 'D:\\Majid01\\CI4\\amal-social\\app\\Views\\account\\profile.php', 59)
 2 SYSTEMPATH\View\View.php(234): include('D:\\Majid01\\CI4\\amal-social\\app\\Views\\account\\profile.php')
 3 SYSTEMPATH\View\View.php(237): CodeIgniter\View\View->CodeIgniter\View\{closure}()
 4 SYSTEMPATH\Common.php(1169): CodeIgniter\View\View->render('account/profile', [], true)
 5 APPPATH\Controllers\AccountController.php(33): view('account/profile', [...])
 6 SYSTEMPATH\CodeIgniter.php(933): App\Controllers\AccountController->Profile()
 7 SYSTEMPATH\CodeIgniter.php(509): CodeIgniter\CodeIgniter->runController(Object(App\Controllers\AccountController))
 8 SYSTEMPATH\CodeIgniter.php(355): CodeIgniter\CodeIgniter->handleRequest(null, Object(Config\Cache), false)
 9 SYSTEMPATH\Boot.php(325): CodeIgniter\CodeIgniter->run()
10 SYSTEMPATH\Boot.php(67): CodeIgniter\Boot::runCodeIgniter(Object(CodeIgniter\CodeIgniter))
11 FCPATH\index.php(56): CodeIgniter\Boot::bootWeb(Object(Config\Paths))
12 SYSTEMPATH\rewrite.php(44): require_once('D:\\Majid01\\CI4\\amal-social\\public\\index.php')
INFO - 2024-09-29 16:23:35 --> Session: Class initialized using 'CodeIgniter\Session\Handlers\FileHandler' driver.
INFO - 2024-09-29 16:25:35 --> Session: Class initialized using 'CodeIgniter\Session\Handlers\FileHandler' driver.
INFO - 2024-09-29 16:30:58 --> Session: Class initialized using 'CodeIgniter\Session\Handlers\FileHandler' driver.
CRITICAL - 2024-09-29 16:30:58 --> ErrorException: Undefined variable $user
[Method: GET, Route: user_dashboard]
in APPPATH\Views\header.php on line 1760.
 1 APPPATH\Views\header.php(1760): CodeIgniter\Debug\Exceptions->errorHandler(2, 'Undefined variable $user', 'D:\\Majid01\\CI4\\amal-social\\app\\Views\\header.php', 1760)
 2 SYSTEMPATH\View\View.php(234): include('D:\\Majid01\\CI4\\amal-social\\app\\Views\\header.php')
 3 SYSTEMPATH\View\View.php(237): CodeIgniter\View\View->CodeIgniter\View\{closure}()
 4 SYSTEMPATH\View\View.php(487): CodeIgniter\View\View->render('header', null, true)
 5 APPPATH\Views\user\user_dashboard.php(1): CodeIgniter\View\View->include('header')
 6 SYSTEMPATH\View\View.php(234): include('D:\\Majid01\\CI4\\amal-social\\app\\Views\\user\\user_dashboard.php')
 7 SYSTEMPATH\View\View.php(237): CodeIgniter\View\View->CodeIgniter\View\{closure}()
 8 SYSTEMPATH\Common.php(1169): CodeIgniter\View\View->render('user/user_dashboard', [], true)
 9 APPPATH\Controllers\UserController.php(55): view('user/user_dashboard', [...])
10 SYSTEMPATH\CodeIgniter.php(933): App\Controllers\UserController->user_dashboard()
11 SYSTEMPATH\CodeIgniter.php(509): CodeIgniter\CodeIgniter->runController(Object(App\Controllers\UserController))
12 SYSTEMPATH\CodeIgniter.php(355): CodeIgniter\CodeIgniter->handleRequest(null, Object(Config\Cache), false)
13 SYSTEMPATH\Boot.php(325): CodeIgniter\CodeIgniter->run()
14 SYSTEMPATH\Boot.php(67): CodeIgniter\Boot::runCodeIgniter(Object(CodeIgniter\CodeIgniter))
15 FCPATH\index.php(56): CodeIgniter\Boot::bootWeb(Object(Config\Paths))
16 SYSTEMPATH\rewrite.php(44): require_once('D:\\Majid01\\CI4\\amal-social\\public\\index.php')
INFO - 2024-09-29 16:32:01 --> Session: Class initialized using 'CodeIgniter\Session\Handlers\FileHandler' driver.
CRITICAL - 2024-09-29 16:32:01 --> Error: Class "App\Controllers\UserProfilesModel" not found
[Method: GET, Route: user_dashboard]
in APPPATH\Controllers\UserController.php on line 17.
 1 SYSTEMPATH\CodeIgniter.php(933): App\Controllers\UserController->user_dashboard()
 2 SYSTEMPATH\CodeIgniter.php(509): CodeIgniter\CodeIgniter->runController(Object(App\Controllers\UserController))
 3 SYSTEMPATH\CodeIgniter.php(355): CodeIgniter\CodeIgniter->handleRequest(null, Object(Config\Cache), false)
 4 SYSTEMPATH\Boot.php(325): CodeIgniter\CodeIgniter->run()
 5 SYSTEMPATH\Boot.php(67): CodeIgniter\Boot::runCodeIgniter(Object(CodeIgniter\CodeIgniter))
 6 FCPATH\index.php(56): CodeIgniter\Boot::bootWeb(Object(Config\Paths))
 7 SYSTEMPATH\rewrite.php(44): require_once('D:\\Majid01\\CI4\\amal-social\\public\\index.php')
INFO - 2024-09-29 16:33:17 --> Session: Class initialized using 'CodeIgniter\Session\Handlers\FileHandler' driver.
INFO - 2024-09-29 16:33:24 --> Session: Class initialized using 'CodeIgniter\Session\Handlers\FileHandler' driver.
CRITICAL - 2024-09-29 16:33:24 --> ErrorException: Undefined variable $user
[Method: GET, Route: profile-edit]
in APPPATH\Views\header.php on line 1760.
 1 APPPATH\Views\header.php(1760): CodeIgniter\Debug\Exceptions->errorHandler(2, 'Undefined variable $user', 'D:\\Majid01\\CI4\\amal-social\\app\\Views\\header.php', 1760)
 2 SYSTEMPATH\View\View.php(234): include('D:\\Majid01\\CI4\\amal-social\\app\\Views\\header.php')
 3 SYSTEMPATH\View\View.php(237): CodeIgniter\View\View->CodeIgniter\View\{closure}()
 4 SYSTEMPATH\View\View.php(487): CodeIgniter\View\View->render('header', null, true)
 5 APPPATH\Views\account\profile_edit.php(3): CodeIgniter\View\View->include('header')
 6 SYSTEMPATH\View\View.php(234): include('D:\\Majid01\\CI4\\amal-social\\app\\Views\\account\\profile_edit.php')
 7 SYSTEMPATH\View\View.php(237): CodeIgniter\View\View->CodeIgniter\View\{closure}()
 8 SYSTEMPATH\Common.php(1169): CodeIgniter\View\View->render('account/profile_edit', [], true)
 9 APPPATH\Controllers\AccountController.php(54): view('account/profile_edit', [...])
10 SYSTEMPATH\CodeIgniter.php(933): App\Controllers\AccountController->Profile_edit()
11 SYSTEMPATH\CodeIgniter.php(509): CodeIgniter\CodeIgniter->runController(Object(App\Controllers\AccountController))
12 SYSTEMPATH\CodeIgniter.php(355): CodeIgniter\CodeIgniter->handleRequest(null, Object(Config\Cache), false)
13 SYSTEMPATH\Boot.php(325): CodeIgniter\CodeIgniter->run()
14 SYSTEMPATH\Boot.php(67): CodeIgniter\Boot::runCodeIgniter(Object(CodeIgniter\CodeIgniter))
15 FCPATH\index.php(56): CodeIgniter\Boot::bootWeb(Object(Config\Paths))
16 SYSTEMPATH\rewrite.php(44): require_once('D:\\Majid01\\CI4\\amal-social\\public\\index.php')
INFO - 2024-09-29 16:34:38 --> Session: Class initialized using 'CodeIgniter\Session\Handlers\FileHandler' driver.
CRITICAL - 2024-09-29 16:34:38 --> ErrorException: Undefined array key "userid"
[Method: GET, Route: profile-edit]
in APPPATH\Controllers\AccountController.php on line 55.
 1 APPPATH\Controllers\AccountController.php(55): CodeIgniter\Debug\Exceptions->errorHandler(2, 'Undefined array key "userid"', 'D:\\Majid01\\CI4\\amal-social\\app\\Controllers\\AccountController.php', 55)
 2 SYSTEMPATH\CodeIgniter.php(933): App\Controllers\AccountController->Profile_edit()
 3 SYSTEMPATH\CodeIgniter.php(509): CodeIgniter\CodeIgniter->runController(Object(App\Controllers\AccountController))
 4 SYSTEMPATH\CodeIgniter.php(355): CodeIgniter\CodeIgniter->handleRequest(null, Object(Config\Cache), false)
 5 SYSTEMPATH\Boot.php(325): CodeIgniter\CodeIgniter->run()
 6 SYSTEMPATH\Boot.php(67): CodeIgniter\Boot::runCodeIgniter(Object(CodeIgniter\CodeIgniter))
 7 FCPATH\index.php(56): CodeIgniter\Boot::bootWeb(Object(Config\Paths))
 8 SYSTEMPATH\rewrite.php(44): require_once('D:\\Majid01\\CI4\\amal-social\\public\\index.php')
INFO - 2024-09-29 16:35:14 --> Session: Class initialized using 'CodeIgniter\Session\Handlers\FileHandler' driver.
INFO - 2024-09-29 16:36:35 --> Session: Class initialized using 'CodeIgniter\Session\Handlers\FileHandler' driver.
INFO - 2024-09-29 16:37:28 --> Session: Class initialized using 'CodeIgniter\Session\Handlers\FileHandler' driver.
INFO - 2024-09-29 16:46:12 --> Session: Class initialized using 'CodeIgniter\Session\Handlers\FileHandler' driver.
INFO - 2024-09-29 16:46:17 --> Session: Class initialized using 'CodeIgniter\Session\Handlers\FileHandler' driver.
INFO - 2024-09-29 16:48:12 --> Session: Class initialized using 'CodeIgniter\Session\Handlers\FileHandler' driver.
INFO - 2024-09-29 16:52:03 --> Session: Class initialized using 'CodeIgniter\Session\Handlers\FileHandler' driver.
INFO - 2024-09-29 16:54:33 --> Session: Class initialized using 'CodeIgniter\Session\Handlers\FileHandler' driver.
ERROR - 2024-09-29 16:54:34 --> User information updated successfully.
INFO - 2024-09-29 16:54:34 --> Session: Class initialized using 'CodeIgniter\Session\Handlers\FileHandler' driver.
INFO - 2024-09-29 16:57:01 --> Session: Class initialized using 'CodeIgniter\Session\Handlers\FileHandler' driver.
INFO - 2024-09-29 16:57:15 --> Session: Class initialized using 'CodeIgniter\Session\Handlers\FileHandler' driver.
CRITICAL - 2024-09-29 16:57:15 --> ErrorException: Undefined array key "cover"
[Method: GET, Route: profile]
in APPPATH\Views\account\profile.php on line 8.
 1 APPPATH\Views\account\profile.php(8): CodeIgniter\Debug\Exceptions->errorHandler(2, 'Undefined array key "cover"', 'D:\\Majid01\\CI4\\amal-social\\app\\Views\\account\\profile.php', 8)
 2 SYSTEMPATH\View\View.php(234): include('D:\\Majid01\\CI4\\amal-social\\app\\Views\\account\\profile.php')
 3 SYSTEMPATH\View\View.php(237): CodeIgniter\View\View->CodeIgniter\View\{closure}()
 4 SYSTEMPATH\Common.php(1169): CodeIgniter\View\View->render('account/profile', [], true)
 5 APPPATH\Controllers\AccountController.php(37): view('account/profile', [...])
 6 SYSTEMPATH\CodeIgniter.php(933): App\Controllers\AccountController->Profile()
 7 SYSTEMPATH\CodeIgniter.php(509): CodeIgniter\CodeIgniter->runController(Object(App\Controllers\AccountController))
 8 SYSTEMPATH\CodeIgniter.php(355): CodeIgniter\CodeIgniter->handleRequest(null, Object(Config\Cache), false)
 9 SYSTEMPATH\Boot.php(325): CodeIgniter\CodeIgniter->run()
10 SYSTEMPATH\Boot.php(67): CodeIgniter\Boot::runCodeIgniter(Object(CodeIgniter\CodeIgniter))
11 FCPATH\index.php(56): CodeIgniter\Boot::bootWeb(Object(Config\Paths))
12 SYSTEMPATH\rewrite.php(44): require_once('D:\\Majid01\\CI4\\amal-social\\public\\index.php')
INFO - 2024-09-29 16:57:35 --> Session: Class initialized using 'CodeIgniter\Session\Handlers\FileHandler' driver.
INFO - 2024-09-29 17:01:12 --> Session: Class initialized using 'CodeIgniter\Session\Handlers\FileHandler' driver.
ERROR - 2024-09-29 17:01:12 --> User information updated successfully.
INFO - 2024-09-29 17:01:12 --> Session: Class initialized using 'CodeIgniter\Session\Handlers\FileHandler' driver.
INFO - 2024-09-29 17:01:53 --> Session: Class initialized using 'CodeIgniter\Session\Handlers\FileHandler' driver.
